[2021-02-14 01:00:18] [javac-extractor-424] [WARN] Appending source destination directory G:\nodejs\android-security\repo\android-stable-2.0.1\build\generated\source\apt\generic\release to sourcepath
[2021-02-14 01:00:18] [javac-extractor-424] Starting extraction for:
                                            sun.java.command=com.semmle.extractor.java.JavaExtractor --jdk-version -1 --javac-args @@@G:\nodejs\android-security\repo\android-stable-2.0.1\nextcloudv7\log\ext\javac-1.args
                                            user.dir=G:\nodejs\android-security\repo\android-stable-2.0.1
[2021-02-14 01:00:30] [javac-extractor-424] Processing file G:\nodejs\android-security\repo\android-stable-2.0.1\build\generated\source\r\generic\release\android\support\compat\R.java
[2021-02-14 01:00:30] [javac-extractor-424] Processing file G:\nodejs\android-security\repo\android-stable-2.0.1\build\generated\source\r\generic\release\android\support\coreui\R.java
[2021-02-14 01:00:30] [javac-extractor-424] Processing file G:\nodejs\android-security\repo\android-stable-2.0.1\build\generated\source\r\generic\release\android\support\coreutils\R.java
[2021-02-14 01:00:30] [javac-extractor-424] Processing file G:\nodejs\android-security\repo\android-stable-2.0.1\build\generated\source\r\generic\release\android\support\design\R.java
[2021-02-14 01:00:30] [javac-extractor-424] Processing file G:\nodejs\android-security\repo\android-stable-2.0.1\build\generated\source\r\generic\release\android\support\exifinterface\R.java
[2021-02-14 01:00:30] [javac-extractor-424] Processing file G:\nodejs\android-security\repo\android-stable-2.0.1\build\generated\source\r\generic\release\android\support\fragment\R.java
[2021-02-14 01:00:30] [javac-extractor-424] Processing file G:\nodejs\android-security\repo\android-stable-2.0.1\build\generated\source\r\generic\release\android\support\graphics\drawable\animated\R.java
[2021-02-14 01:00:30] [javac-extractor-424] Processing file G:\nodejs\android-security\repo\android-stable-2.0.1\build\generated\source\r\generic\release\android\support\graphics\drawable\R.java
[2021-02-14 01:00:30] [javac-extractor-424] Processing file G:\nodejs\android-security\repo\android-stable-2.0.1\build\generated\source\r\generic\release\android\support\mediacompat\R.java
[2021-02-14 01:00:30] [javac-extractor-424] Processing file G:\nodejs\android-security\repo\android-stable-2.0.1\build\generated\source\r\generic\release\android\support\multidex\R.java
[2021-02-14 01:00:30] [javac-extractor-424] Processing file G:\nodejs\android-security\repo\android-stable-2.0.1\build\generated\source\r\generic\release\android\support\transition\R.java
[2021-02-14 01:00:31] [javac-extractor-424] Processing file G:\nodejs\android-security\repo\android-stable-2.0.1\build\generated\source\r\generic\release\android\support\v4\R.java
[2021-02-14 01:00:31] [javac-extractor-424] Processing file G:\nodejs\android-security\repo\android-stable-2.0.1\build\generated\source\r\generic\release\android\support\v7\appcompat\R.java
[2021-02-14 01:00:31] [javac-extractor-424] Processing file G:\nodejs\android-security\repo\android-stable-2.0.1\build\generated\source\r\generic\release\android\support\v7\cardview\R.java
[2021-02-14 01:00:31] [javac-extractor-424] Processing file G:\nodejs\android-security\repo\android-stable-2.0.1\build\generated\source\r\generic\release\android\support\v7\recyclerview\R.java
[2021-02-14 01:00:31] [javac-extractor-424] Processing file G:\nodejs\android-security\repo\android-stable-2.0.1\build\generated\source\r\generic\release\butterknife\R.java
[2021-02-14 01:00:31] [javac-extractor-424] Processing file G:\nodejs\android-security\repo\android-stable-2.0.1\build\generated\source\r\generic\release\com\evernote\android\job\R.java
[2021-02-14 01:00:31] [javac-extractor-424] Processing file G:\nodejs\android-security\repo\android-stable-2.0.1\build\generated\source\r\generic\release\com\getbase\floatingactionbutton\R.java
[2021-02-14 01:00:31] [javac-extractor-424] Processing file G:\nodejs\android-security\repo\android-stable-2.0.1\build\generated\source\r\generic\release\com\owncloud\android\lib\R.java
[2021-02-14 01:00:31] [javac-extractor-424] Processing file G:\nodejs\android-security\repo\android-stable-2.0.1\build\generated\source\r\generic\release\com\owncloud\android\R.java
[2021-02-14 01:00:32] [javac-extractor-424] Processing file G:\nodejs\android-security\repo\android-stable-2.0.1\build\generated\source\r\generic\release\net\vrallev\android\cat\R.java
[2021-02-14 01:00:32] [javac-extractor-424] Processing file G:\nodejs\android-security\repo\android-stable-2.0.1\build\generated\source\buildConfig\generic\release\com\owncloud\android\BuildConfig.java
[2021-02-14 01:00:32] [javac-extractor-424] Javac init time: 4.2s
[2021-02-14 01:00:32] [javac-extractor-424] Javac attr time: 2.4s
[2021-02-14 01:00:32] [javac-extractor-424] Extractor time: 6.5s
[2021-02-14 01:00:32] [javac-extractor-424] Other time: 0.8s
[2021-02-14 01:00:32] [javac-extractor-424] Total time: 13.9s
